[35m[Appium][39m Welcome to Appium v1.22.3
[35m[Appium][39m Non-default server args:
[35m[Appium][39m   port: 59774
[35m[Appium][39m   tmpDir: C:\Users\NURULH~1\AppData\Local\Temp\\Katalon\Appium\Temp1729044028527
[35m[Appium][39m   chromedriverPort: 59775
[35m[Appium][39m Deprecated server args:
[35m[Appium][39m   [31m--chromedriver-port[39m => --default-capabilities
[35m[Appium][39m Default capabilities, which will be added to each request unless overridden by desired capabilities:
[35m[Appium][39m   chromedriverPort: 59775
[35m[Appium][39m Appium REST http interface listener started on 0.0.0.0:59774
[35m[HTTP][39m [37m-->[39m [37mGET[39m [37m/wd/hub/status[39m
[35m[HTTP][39m [90m{}[39m
[debug] [35m[GENERIC][39m Calling AppiumDriver.getStatus() with args: []
[debug] [35m[GENERIC][39m Responding to client with driver.getStatus() result: {"build":{"version":"1.22.3"}}
[35m[HTTP][39m [37m<-- GET /wd/hub/status [39m[32m200[39m [90m17 ms - 68[39m
[35m[HTTP][39m [90m[39m
[35m[HTTP][39m [37m-->[39m [37mGET[39m [37m/wd/hub/status[39m
[35m[HTTP][39m [90m{}[39m
[debug] [35m[GENERIC][39m Calling AppiumDriver.getStatus() with args: []
[debug] [35m[GENERIC][39m Responding to client with driver.getStatus() result: {"build":{"version":"1.22.3"}}
[35m[HTTP][39m [37m<-- GET /wd/hub/status [39m[32m200[39m [90m2 ms - 68[39m
[35m[HTTP][39m [90m[39m
[35m[HTTP][39m [37m-->[39m [37mPOST[39m [37m/wd/hub/session[39m
[35m[HTTP][39m [90m{"desiredCapabilities":{"appActivity":".Settings","appPackage":"com.android.settings","newCommandTimeout":1800,"platformVersion":"14","automationName":"uiautomator2","autoGrantPermissions":true,"platformName":"Android","udid":"emulator-5554","deviceName":"emulator-5554 (sdk_gphone64_x86_64 - Android 14)","platform":"ANDROID","systemPort":8209},"capabilities":{"firstMatch":[{"appium:appActivity":".Settings","appium:appPackage":"com.android.settings","appium:autoGrantPermissions":true,"appium:automationName":"uiautomator2","appium:deviceName":"emulator-5554 (sdk_gphone64_x86_64 - Android 14)","appium:newCommandTimeout":1800,"platform":"ANDROID","platformName":"android","appium:platformVersion":"14","appium:systemPort":8209,"appium:udid":"emulator-5554"}]}}[39m
[debug] [35m[W3C][39m Calling AppiumDriver.createSession() with args: [{"appActivity":".Settings","appPackage":"com.android.settings","newCommandTimeout":1800,"platformVersion":"14","automationName":"uiautomator2","autoGrantPermissions":true,"platformName":"Android","udid":"emulator-5554","deviceName":"emulator-5554 (sdk_gphone64_x86_64 - Android 14)","platform":"ANDROID","systemPort":8209},null,{"firstMatch":[{"appium:appActivity":".Settings","appium:appPackage":"com.android.settings","appium:autoGrantPermissions":true,"appium:automationName":"uiautomator2","appium:deviceName":"emulator-5554 (sdk_gphone64_x86_64 - Android 14)","appium:newCommandTimeout":1800,"platform":"ANDROID","platformName":"android","appium:platformVersion":"14","appium:systemPort":8209,"appium:udid":"emulator-5554"}]}]
[debug] [35m[BaseDriver][39m Event 'newSessionRequested' logged at 1729044031826 (09:00:31 GMT+0700 (Western Indonesia Time))
[35m[BaseDriver][39m The following capabilities are not standard capabilities and should have an extension prefix:
[35m[BaseDriver][39m   platform
[35m[BaseDriver][39m   chromedriverPort
[35m[Appium][39m Appium v1.22.3 creating new AndroidUiautomator2Driver (v1.70.1) session
[debug] [35m[BaseDriver][39m W3C capabilities and MJSONWP desired capabilities were provided
[debug] [35m[BaseDriver][39m Creating session with W3C capabilities: {
[debug] [35m[BaseDriver][39m   "alwaysMatch": {
[debug] [35m[BaseDriver][39m     "appium:platform": "ANDROID",
[debug] [35m[BaseDriver][39m     "platformName": "android",
[debug] [35m[BaseDriver][39m     "appium:chromedriverPort": 59775,
[debug] [35m[BaseDriver][39m     "appium:appActivity": ".Settings",
[debug] [35m[BaseDriver][39m     "appium:appPackage": "com.android.settings",
[debug] [35m[BaseDriver][39m     "appium:autoGrantPermissions": true,
[debug] [35m[BaseDriver][39m     "appium:automationName": "uiautomator2",
[debug] [35m[BaseDriver][39m     "appium:deviceName": "emulator-5554 (sdk_gphone64_x86_64 - Android 14)",
[debug] [35m[BaseDriver][39m     "appium:newCommandTimeout": 1800,
[debug] [35m[BaseDriver][39m     "appium:platformVersion": "14",
[debug] [35m[BaseDriver][39m     "appium:systemPort": 8209,
[debug] [35m[BaseDriver][39m     "appium:udid": "emulator-5554"
[debug] [35m[BaseDriver][39m   },
[debug] [35m[BaseDriver][39m   "firstMatch": [
[debug] [35m[BaseDriver][39m     {}
[debug] [35m[BaseDriver][39m   ]
[debug] [35m[BaseDriver][39m }
[35m[BaseDriver][39m The following capabilities were provided, but are not recognized by Appium:
[35m[BaseDriver][39m   platform
[35m[BaseDriver][39m Session created with session id: 8ba7ddfd-2b39-4180-81d5-d5da1faf1c5d
[35m[UiAutomator2][39m Starting 'com.android.settings' directly on the device
[35m[ADB][39m Found 1 'build-tools' folders under 'C:\Users\Nurul Handayani\AppData\Local\Android\Sdk' (newest first):
[35m[ADB][39m     C:/Users/Nurul Handayani/AppData/Local/Android/Sdk/build-tools/34.0.0
[35m[ADB][39m Using 'adb.exe' from 'C:\Users\Nurul Handayani\AppData\Local\Android\Sdk\platform-tools\adb.exe'
[debug] [35m[ADB][39m Running 'C:\Users\Nurul Handayani\AppData\Local\Android\Sdk\platform-tools\adb.exe -P 5037 start-server'
[35m[AndroidDriver][39m Retrieving device list
[debug] [35m[ADB][39m Trying to find a connected android device
[debug] [35m[ADB][39m Getting connected devices
[debug] [35m[ADB][39m Connected devices: [{"udid":"emulator-5554","state":"device"}]
[35m[AndroidDriver][39m Using device: emulator-5554
[35m[ADB][39m Using 'adb.exe' from 'C:\Users\Nurul Handayani\AppData\Local\Android\Sdk\platform-tools\adb.exe'
[debug] [35m[ADB][39m Running 'C:\Users\Nurul Handayani\AppData\Local\Android\Sdk\platform-tools\adb.exe -P 5037 start-server'
[debug] [35m[ADB][39m Setting device id to emulator-5554
[debug] [35m[ADB][39m Running 'C:\Users\Nurul Handayani\AppData\Local\Android\Sdk\platform-tools\adb.exe -P 5037 -s emulator-5554 shell getprop ro.build.version.sdk'
[debug] [35m[ADB][39m Current device property 'ro.build.version.sdk': 34
[35m[ADB][39m Getting device platform version
[debug] [35m[ADB][39m Running 'C:\Users\Nurul Handayani\AppData\Local\Android\Sdk\platform-tools\adb.exe -P 5037 -s emulator-5554 shell getprop ro.build.version.release'
[debug] [35m[ADB][39m Current device property 'ro.build.version.release': 14
[debug] [35m[ADB][39m Device API level: 34
[35m[UiAutomator2][39m Relaxing hidden api policy
[debug] [35m[ADB][39m Running 'C:\Users\Nurul Handayani\AppData\Local\Android\Sdk\platform-tools\adb.exe -P 5037 -s emulator-5554 shell 'settings put global hidden_api_policy_pre_p_apps 1;settings put global hidden_api_policy_p_apps 1;settings put global hidden_api_policy 1''
[35m[AndroidDriver][39m No app sent in, not parsing package/activity
[debug] [35m[ADB][39m Running 'C:\Users\Nurul Handayani\AppData\Local\Android\Sdk\platform-tools\adb.exe -P 5037 -s emulator-5554 wait-for-device'
[debug] [35m[ADB][39m Running 'C:\Users\Nurul Handayani\AppData\Local\Android\Sdk\platform-tools\adb.exe -P 5037 -s emulator-5554 shell echo ping'
[debug] [35m[AndroidDriver][39m Pushing settings apk to device...
[debug] [35m[ADB][39m Getting install status for io.appium.settings
[debug] [35m[ADB][39m Running 'C:\Users\Nurul Handayani\AppData\Local\Android\Sdk\platform-tools\adb.exe -P 5037 -s emulator-5554 shell dumpsys package io.appium.settings'
[debug] [35m[ADB][39m 'io.appium.settings' is installed
[debug] [35m[ADB][39m Getting package info for 'io.appium.settings'
[debug] [35m[ADB][39m Running 'C:\Users\Nurul Handayani\AppData\Local\Android\Sdk\platform-tools\adb.exe -P 5037 -s emulator-5554 shell dumpsys package io.appium.settings'
[debug] [35m[ADB][39m The version name of the installed 'io.appium.settings' is greater or equal to the application version name ('3.4.0' >= '3.4.0')
[debug] [35m[ADB][39m There is no need to install/upgrade 'C:\Users\Nurul Handayani\AppData\Roaming\npm\node_modules\appium\node_modules\io.appium.settings\apks\settings_apk-debug.apk'
[debug] [35m[ADB][39m Getting IDs of all 'io.appium.settings' processes
[debug] [35m[ADB][39m Running 'C:\Users\Nurul Handayani\AppData\Local\Android\Sdk\platform-tools\adb.exe -P 5037 -s emulator-5554 shell 'pgrep --help; echo $?''
[debug] [35m[ADB][39m Running 'C:\Users\Nurul Handayani\AppData\Local\Android\Sdk\platform-tools\adb.exe -P 5037 -s emulator-5554 shell pgrep -f \(\[\[:blank:\]\]\|\^\)io\.appium\.settings\(\[\[:blank:\]\]\|\$\)'
[debug] [35m[AndroidDriver][39m io.appium.settings is already running. There is no need to reset its permissions.
[debug] [35m[Logcat][39m Starting logs capture with command: 'C:\\Users\\Nurul Handayani\\AppData\\Local\\Android\\Sdk\\platform-tools\\adb.exe' -P 5037 -s emulator-5554 logcat -v threadtime
[debug] [35m[UiAutomator2][39m Forwarding UiAutomator2 Server port 6790 to local port 8209
[debug] [35m[ADB][39m Forwarding system: 8209 to device: 6790
[debug] [35m[ADB][39m Running 'C:\Users\Nurul Handayani\AppData\Local\Android\Sdk\platform-tools\adb.exe -P 5037 -s emulator-5554 forward tcp:8209 tcp:6790'
[debug] [35m[ADB][39m Getting install status for io.appium.uiautomator2.server
[debug] [35m[ADB][39m Running 'C:\Users\Nurul Handayani\AppData\Local\Android\Sdk\platform-tools\adb.exe -P 5037 -s emulator-5554 shell dumpsys package io.appium.uiautomator2.server'
[debug] [35m[ADB][39m 'io.appium.uiautomator2.server' is installed
[debug] [35m[ADB][39m Getting package info for 'io.appium.uiautomator2.server'
[debug] [35m[ADB][39m Running 'C:\Users\Nurul Handayani\AppData\Local\Android\Sdk\platform-tools\adb.exe -P 5037 -s emulator-5554 shell dumpsys package io.appium.uiautomator2.server'
[debug] [35m[ADB][39m The version name of the installed 'io.appium.uiautomator2.server' is greater or equal to the application version name ('4.27.0' >= '4.27.0')
[debug] [35m[UiAutomator2][39m io.appium.uiautomator2.server installation state: sameVersionInstalled
[debug] [35m[ADB][39m Checking app cert for C:\Users\Nurul Handayani\AppData\Roaming\npm\node_modules\appium\node_modules\appium-uiautomator2-server\apks\appium-uiautomator2-server-v4.27.0.apk
[35m[ADB][39m Using 'apksigner.jar' from 'C:\Users\Nurul Handayani\AppData\Local\Android\Sdk\build-tools\34.0.0\lib\apksigner.jar'
[debug] [35m[ADB][39m Starting apksigner: C:\\Katalon_Studio_Windows_64-8.4.1\\jre\\bin\\java.exe -Xmx1024M -Xss1m -jar 'C:\\Users\\Nurul Handayani\\AppData\\Local\\Android\\Sdk\\build-tools\\34.0.0\\lib\\apksigner.jar' verify --print-certs 'C:\\Users\\Nurul Handayani\\AppData\\Roaming\\npm\\node_modules\\appium\\node_modules\\appium-uiautomator2-server\\apks\\appium-uiautomator2-server-v4.27.0.apk'
[debug] [35m[ADB][39m apksigner stdout: Signer #1 certificate DN: EMAILADDRESS=android@android.com, CN=Android, OU=Android, O=Android, L=Mountain View, ST=California, C=US
[debug] [35m[ADB][39m Signer #1 certificate SHA-256 digest: a40da80a59d170caa950cf15c18c454d47a39b26989d8b640ecd745ba71bf5dc
[debug] [35m[ADB][39m Signer #1 certificate SHA-1 digest: 61ed377e85d386a8dfee6b864bd85b0bfaa5af81
[debug] [35m[ADB][39m Signer #1 certificate MD5 digest: e89b158e4bcf988ebd09eb83f5378e87
[debug] [35m[ADB][39m 
[debug] [35m[ADB][39m sha256 hash did match for 'appium-uiautomator2-server-v4.27.0.apk'
[35m[ADB][39m 'C:\Users\Nurul Handayani\AppData\Roaming\npm\node_modules\appium\node_modules\appium-uiautomator2-server\apks\appium-uiautomator2-server-v4.27.0.apk' is signed with the default certificate
[debug] [35m[ADB][39m Getting install status for io.appium.uiautomator2.server.test
[debug] [35m[ADB][39m Running 'C:\Users\Nurul Handayani\AppData\Local\Android\Sdk\platform-tools\adb.exe -P 5037 -s emulator-5554 shell dumpsys package io.appium.uiautomator2.server.test'
[debug] [35m[ADB][39m 'io.appium.uiautomator2.server.test' is installed
[debug] [35m[ADB][39m Checking app cert for C:\Users\Nurul Handayani\AppData\Roaming\npm\node_modules\appium\node_modules\appium-uiautomator2-server\apks\appium-uiautomator2-server-debug-androidTest.apk
[debug] [35m[ADB][39m Starting apksigner: C:\\Katalon_Studio_Windows_64-8.4.1\\jre\\bin\\java.exe -Xmx1024M -Xss1m -jar 'C:\\Users\\Nurul Handayani\\AppData\\Local\\Android\\Sdk\\build-tools\\34.0.0\\lib\\apksigner.jar' verify --print-certs 'C:\\Users\\Nurul Handayani\\AppData\\Roaming\\npm\\node_modules\\appium\\node_modules\\appium-uiautomator2-server\\apks\\appium-uiautomator2-server-debug-androidTest.apk'
[debug] [35m[ADB][39m apksigner stdout: Signer #1 certificate DN: EMAILADDRESS=android@android.com, CN=Android, OU=Android, O=Android, L=Mountain View, ST=California, C=US
[debug] [35m[ADB][39m Signer #1 certificate SHA-256 digest: a40da80a59d170caa950cf15c18c454d47a39b26989d8b640ecd745ba71bf5dc
[debug] [35m[ADB][39m Signer #1 certificate SHA-1 digest: 61ed377e85d386a8dfee6b864bd85b0bfaa5af81
[debug] [35m[ADB][39m Signer #1 certificate MD5 digest: e89b158e4bcf988ebd09eb83f5378e87
[debug] [35m[ADB][39m 
[debug] [35m[ADB][39m sha256 hash did match for 'appium-uiautomator2-server-debug-androidTest.apk'
[35m[ADB][39m 'C:\Users\Nurul Handayani\AppData\Roaming\npm\node_modules\appium\node_modules\appium-uiautomator2-server\apks\appium-uiautomator2-server-debug-androidTest.apk' is signed with the default certificate
[35m[UiAutomator2][39m Server packages are not going to be (re)installed
[debug] [35m[UiAutomator2][39m Waiting up to 30000ms for services to be available
[debug] [35m[ADB][39m Running 'C:\Users\Nurul Handayani\AppData\Local\Android\Sdk\platform-tools\adb.exe -P 5037 -s emulator-5554 shell pm list instrumentation'
[debug] [35m[UiAutomator2][39m Instrumentation target 'io.appium.uiautomator2.server.test/androidx.test.runner.AndroidJUnitRunner' is available
[35m[ADB][39m Adding packages ["io.appium.settings","io.appium.uiautomator2.server","io.appium.uiautomator2.server.test"] to Doze whitelist
[debug] [35m[ADB][39m Got the following command chunks to execute: [["dumpsys","deviceidle","whitelist","+io.appium.settings",";","dumpsys","deviceidle","whitelist","+io.appium.uiautomator2.server",";","dumpsys","deviceidle","whitelist","+io.appium.uiautomator2.server.test",";"]]
[debug] [35m[ADB][39m Running 'C:\Users\Nurul Handayani\AppData\Local\Android\Sdk\platform-tools\adb.exe -P 5037 -s emulator-5554 shell dumpsys deviceidle whitelist +io.appium.settings ; dumpsys deviceidle whitelist +io.appium.uiautomator2.server ; dumpsys deviceidle whitelist +io.appium.uiautomator2.server.test ;'
[debug] [35m[UiAutomator2][39m No app capability. Assuming it is already on the device
[debug] [35m[ADB][39m Getting install status for com.android.settings
[debug] [35m[ADB][39m Running 'C:\Users\Nurul Handayani\AppData\Local\Android\Sdk\platform-tools\adb.exe -P 5037 -s emulator-5554 shell dumpsys package com.android.settings'
[debug] [35m[ADB][39m 'com.android.settings' is installed
[debug] [35m[ADB][39m Running 'C:\Users\Nurul Handayani\AppData\Local\Android\Sdk\platform-tools\adb.exe -P 5037 -s emulator-5554 shell am force-stop com.android.settings'
[debug] [35m[ADB][39m Running 'C:\Users\Nurul Handayani\AppData\Local\Android\Sdk\platform-tools\adb.exe -P 5037 -s emulator-5554 shell pm clear com.android.settings'
[debug] [35m[ADB][39m Running 'C:\Users\Nurul Handayani\AppData\Local\Android\Sdk\platform-tools\adb.exe -P 5037 -s emulator-5554 shell dumpsys package com.android.settings'
[debug] [35m[ADB][39m Retrieving requested permissions
[debug] [35m[ADB][39m Retrieved 284 permissions from requested group
[debug] [35m[ADB][39m Retrieving granted permissions
[debug] [35m[ADB][39m Retrieved 178 permissions from install,runtime groups
[debug] [35m[ADB][39m Granting permissions ["android.wildlife.permission.VPN_APP_EXCLUSION_LAUNCH","android.wildlife.permission.ADVANCED_VPN_CONFIG","android.launcher.permission.READ_SETTINGS","android.launcher.permission.WRITE_SETTINGS"] to 'com.android.settings'
[debug] [35m[ADB][39m Got the following command chunks to execute: [["pm","grant","com.android.settings","android.wildlife.permission.VPN_APP_EXCLUSION_LAUNCH",";","pm","grant","com.android.settings","android.wildlife.permission.ADVANCED_VPN_CONFIG",";","pm","grant","com.android.settings","android.launcher.permission.READ_SETTINGS",";","pm","grant","com.android.settings","android.launcher.permission.WRITE_SETTINGS",";"]]
[debug] [35m[ADB][39m Running 'C:\Users\Nurul Handayani\AppData\Local\Android\Sdk\platform-tools\adb.exe -P 5037 -s emulator-5554 shell pm grant com.android.settings android.wildlife.permission.VPN_APP_EXCLUSION_LAUNCH ; pm grant com.android.settings android.wildlife.permission.ADVANCED_VPN_CONFIG ; pm grant com.android.settings android.launcher.permission.READ_SETTINGS ; pm grant com.android.settings android.launcher.permission.WRITE_SETTINGS ;'
[debug] [35m[AndroidDriver][39m Performed fast reset on the installed 'com.android.settings' application (stop and clear)
[debug] [35m[UiAutomator2][39m Performing shallow cleanup of automation leftovers
[debug] [35m[UiAutomator2][39m The following obsolete sessions are still running: ["7c1b3e42-6747-436c-9139-e465ed29182d"]
[debug] [35m[UiAutomator2][39m Cleaning up 1 obsolete session
[debug] [35m[ADB][39m Running 'C:\Users\Nurul Handayani\AppData\Local\Android\Sdk\platform-tools\adb.exe -P 5037 -s emulator-5554 shell am force-stop io.appium.uiautomator2.server.test'
[35m[UiAutomator2][39m Starting UIAutomator2 server 4.27.0
[35m[UiAutomator2][39m Using UIAutomator2 server from 'C:\Users\Nurul Handayani\AppData\Roaming\npm\node_modules\appium\node_modules\appium-uiautomator2-server\apks\appium-uiautomator2-server-v4.27.0.apk' and test from 'C:\Users\Nurul Handayani\AppData\Roaming\npm\node_modules\appium\node_modules\appium-uiautomator2-server\apks\appium-uiautomator2-server-debug-androidTest.apk'
[35m[UiAutomator2][39m Waiting up to 30000ms for UiAutomator2 to be online...
[debug] [35m[ADB][39m Creating ADB subprocess with args: ["-P",5037,"-s","emulator-5554","shell","am","instrument","-w","-e","disableAnalytics",true,"io.appium.uiautomator2.server.test/androidx.test.runner.AndroidJUnitRunner"]
[debug] [35m[WD Proxy][39m Matched '/status' to command name 'getStatus'
[debug] [35m[WD Proxy][39m Proxying [GET /status] to [GET http://127.0.0.1:8209/wd/hub/status] with no body
[35m[WD Proxy][39m socket hang up
[debug] [35m[WD Proxy][39m Matched '/status' to command name 'getStatus'
[debug] [35m[WD Proxy][39m Proxying [GET /status] to [GET http://127.0.0.1:8209/wd/hub/status] with no body
[35m[WD Proxy][39m socket hang up
[debug] [35m[WD Proxy][39m Matched '/status' to command name 'getStatus'
[debug] [35m[WD Proxy][39m Proxying [GET /status] to [GET http://127.0.0.1:8209/wd/hub/status] with no body
[35m[WD Proxy][39m socket hang up
[debug] [35m[Instrumentation][39m io.appium.uiautomator2.server.test.AppiumUiAutomator2Server:
[debug] [35m[WD Proxy][39m Matched '/status' to command name 'getStatus'
[debug] [35m[WD Proxy][39m Proxying [GET /status] to [GET http://127.0.0.1:8209/wd/hub/status] with no body
[35m[WD Proxy][39m socket hang up
[debug] [35m[WD Proxy][39m Matched '/status' to command name 'getStatus'
[debug] [35m[WD Proxy][39m Proxying [GET /status] to [GET http://127.0.0.1:8209/wd/hub/status] with no body
[debug] [35m[WD Proxy][39m Got response with status 200: {"sessionId":"None","value":{"message":"UiAutomator2 Server is ready to accept commands","ready":true}}
[debug] [35m[UiAutomator2][39m The initialization of the instrumentation process took 4352ms
[debug] [35m[WD Proxy][39m Matched '/session' to command name 'createSession'
[debug] [35m[WD Proxy][39m Proxying [POST /session] to [POST http://127.0.0.1:8209/wd/hub/session] with body: {"capabilities":{"firstMatch":[{"platform":"ANDROID","webStorageEnabled":false,"takesScreenshot":true,"javascriptEnabled":true,"databaseEnabled":false,"networkConnectionEnabled":true,"locationContextEnabled":false,"warnings":{},"desired":{"platformName":"android","platform":"ANDROID","chromedriverPort":59775,"appActivity":".Settings","appPackage":"com.android.settings","autoGrantPermissions":true,"automationName":"uiautomator2","deviceName":"emulator-5554 (sdk_gphone64_x86_64 - Android 14)","newCommandTimeout":1800,"platformVersion":"14","systemPort":8209,"udid":"emulator-5554"},"platformName":"android","chromedriverPort":59775,"appActivity":".Settings","appPackage":"com.android.settings","autoGrantPermissions":true,"automationName":"uiautomator2","deviceName":"emulator-5554","newCommandTimeout":1800,"platformVersion":"14","systemPort":8209,"udid":"emulator-5554","deviceUDID":"emulator-5554"}],"alwaysMatch":{}}}
[debug] [35m[WD Proxy][39m Got response with status 200: {"sessionId":"a63182e2-f306-4ab5-bc6c-7548496ed766","value":{"capabilities":{"firstMatch":[{"platform":"ANDROID","webStorageEnabled":false,"takesScreenshot":true,"javascriptEnabled":true,"databaseEnabled":false,"networkConnectionEnabled":true,"locationContextEnabled":false,"warnings":{},"desired":{"platformName":"android","platform":"ANDROID","chromedriverPort":59775,"appActivity":".Settings","appPackage":"com.android.settings","autoGrantPermissions":true,"automationName":"uiautomator2","deviceName":"emulator-5554 (sdk_gphone64_x86_64 - Android 14)","newCommandTimeout":1800,"platformVersion":"14","systemPort":8209,"udid":"emulator-5554"},"platformName":"android","chromedriverPort":59775,"appActivity":".Settings","appPackage":"com.android.settings","autoGrantPermissions":true,"automationName":"uiautomator2","deviceName":"emulator-5554","newCommandTimeout":1800,"platformVersion":"14","systemPort":8209,"udid":"emulator-5554","deviceUDID":"emulator-5554"}],"alwaysMatch":{}},"sessionId":"a63182e2-f306-4ab5-bc6c...
[35m[WD Proxy][39m Determined the downstream protocol as 'W3C'
[debug] [35m[WD Proxy][39m Proxying [GET /appium/device/info] to [GET http://127.0.0.1:8209/wd/hub/session/a63182e2-f306-4ab5-bc6c-7548496ed766/appium/device/info] with no body
[debug] [35m[WD Proxy][39m Got response with status 200: {"sessionId":"a63182e2-f306-4ab5-bc6c-7548496ed766","value":{"androidId":"90090ffaec207760","apiVersion":"34","bluetooth":{"state":"ON"},"brand":"google","carrierName":"T-Mobile","displayDensity":440,"locale":"en_US","manufacturer":"Google","model":"sdk_gphone64_x86_64","networks":[{"capabilities":{"SSID":null,"linkDownBandwidthKbps":30000,"linkUpstreamBandwidthKbps":12000,"networkCapabilities":"NET_CAPABILITY_NOT_METERED,NET_CAPABILITY_INTERNET,NET_CAPABILITY_NOT_RESTRICTED,NET_CAPABILITY_TRUSTED,NET_CAPABILITY_NOT_VPN,NET_CAPABILITY_VALIDATED,NET_CAPABILITY_NOT_ROAMING,NET_CAPABILITY_FOREGROUND,NET_CAPABILITY_NOT_CONGESTED,NET_CAPABILITY_NOT_SUSPENDED","signalStrength":-50,"transportTypes":"TRANSPORT_WIFI"},"detailedState":"CONNECTED","extraInfo":"","isAvailable":true,"isConnected":true,"isFailover":false,"isRoaming":false,"state":"CONNECTED","subtype":-1,"subtypeName":"","type":1,"typeName":"WIFI"},{"capabilities":{"SSID":null,"linkDownBandwidthKbps":4300,"linkUpstreamBandwidthKbps":1800,"networkCapabil...
[debug] [35m[ADB][39m Running 'C:\Users\Nurul Handayani\AppData\Local\Android\Sdk\platform-tools\adb.exe -P 5037 -s emulator-5554 shell dumpsys window'
[35m[AndroidDriver][39m Screen already unlocked, doing nothing
[35m[UiAutomator2][39m Starting 'com.android.settings/.Settings and waiting for 'com.android.settings/.Settings'
[debug] [35m[ADB][39m Running 'C:\Users\Nurul Handayani\AppData\Local\Android\Sdk\platform-tools\adb.exe -P 5037 -s emulator-5554 shell am start -W -n com.android.settings/.Settings -S -a android.intent.action.MAIN -c android.intent.category.LAUNCHER -f 0x10200000'
[debug] [35m[WD Proxy][39m Proxying [GET /appium/device/pixel_ratio] to [GET http://127.0.0.1:8209/wd/hub/session/a63182e2-f306-4ab5-bc6c-7548496ed766/appium/device/pixel_ratio] with no body
[debug] [35m[WD Proxy][39m Got response with status 200: {"sessionId":"a63182e2-f306-4ab5-bc6c-7548496ed766","value":2.75}
[debug] [35m[WD Proxy][39m Matched '/appium/device/system_bars' to command name 'getSystemBars'
[debug] [35m[WD Proxy][39m Proxying [GET /appium/device/system_bars] to [GET http://127.0.0.1:8209/wd/hub/session/a63182e2-f306-4ab5-bc6c-7548496ed766/appium/device/system_bars] with no body
[debug] [35m[WD Proxy][39m Got response with status 200: {"sessionId":"a63182e2-f306-4ab5-bc6c-7548496ed766","value":{"statusBar":66}}
[debug] [35m[WD Proxy][39m Matched '/window/current/size' to command name 'getWindowSize'
[debug] [35m[WD Proxy][39m Proxying [GET /window/current/size] to [GET http://127.0.0.1:8209/wd/hub/session/a63182e2-f306-4ab5-bc6c-7548496ed766/window/current/size] with no body
[debug] [35m[WD Proxy][39m Got response with status 200: {"sessionId":"a63182e2-f306-4ab5-bc6c-7548496ed766","value":{"height":2154,"width":1080}}
[35m[Appium][39m New AndroidUiautomator2Driver session created successfully, session 8ba7ddfd-2b39-4180-81d5-d5da1faf1c5d added to master session list
[debug] [35m[BaseDriver][39m Event 'newSessionStarted' logged at 1729044046709 (09:00:46 GMT+0700 (Western Indonesia Time))
[debug] [35m[W3C (8ba7ddfd)][39m Cached the protocol value 'W3C' for the new session 8ba7ddfd-2b39-4180-81d5-d5da1faf1c5d
[debug] [35m[W3C (8ba7ddfd)][39m Responding to client with driver.createSession() result: {"capabilities":{"platform":"ANDROID","webStorageEnabled":false,"takesScreenshot":true,"javascriptEnabled":true,"databaseEnabled":false,"networkConnectionEnabled":true,"locationContextEnabled":false,"warnings":{},"desired":{"platformName":"android","platform":"ANDROID","chromedriverPort":59775,"appActivity":".Settings","appPackage":"com.android.settings","autoGrantPermissions":true,"automationName":"uiautomator2","deviceName":"emulator-5554 (sdk_gphone64_x86_64 - Android 14)","newCommandTimeout":1800,"platformVersion":"14","systemPort":8209,"udid":"emulator-5554"},"platformName":"android","chromedriverPort":59775,"appActivity":".Settings","appPackage":"com.android.settings","autoGrantPermissions":true,"automationName":"uiautomator2","deviceName":"emulator-5554","newCommandTimeout":1800,"platformVersion":"14","systemPort":8209,"udid":"emulator-5554","deviceUDID":"emulator-5554","deviceApiLevel":34,"deviceScreenSize":"1080x2220","deviceScreenDensity":440,"deviceModel":"sdk_gphone64_x86_64","deviceManufacture...
[35m[HTTP][39m [37m<-- POST /wd/hub/session [39m[32m200[39m [90m14886 ms - 1194[39m
[35m[HTTP][39m [90m[39m
[35m[HTTP][39m [37m-->[39m [37mGET[39m [37m/wd/hub/session/8ba7ddfd-2b39-4180-81d5-d5da1faf1c5d[39m
[35m[HTTP][39m [90m{}[39m
[debug] [35m[W3C (8ba7ddfd)][39m Calling AppiumDriver.getSession() with args: ["8ba7ddfd-2b39-4180-81d5-d5da1faf1c5d"]
[debug] [35m[UiAutomator2][39m Getting session details from server to mix in
[debug] [35m[WD Proxy][39m Matched '/' to command name 'getSession'
[debug] [35m[WD Proxy][39m Proxying [GET /] to [GET http://127.0.0.1:8209/wd/hub/session/a63182e2-f306-4ab5-bc6c-7548496ed766] with no body
[debug] [35m[WD Proxy][39m Got response with status 200: {"sessionId":"a63182e2-f306-4ab5-bc6c-7548496ed766","value":{"lastScrollData":null}}
[debug] [35m[W3C (8ba7ddfd)][39m Responding to client with driver.getSession() result: {"platform":"ANDROID","webStorageEnabled":false,"takesScreenshot":true,"javascriptEnabled":true,"databaseEnabled":false,"networkConnectionEnabled":true,"locationContextEnabled":false,"warnings":{},"desired":{"platformName":"android","platform":"ANDROID","chromedriverPort":59775,"appActivity":".Settings","appPackage":"com.android.settings","autoGrantPermissions":true,"automationName":"uiautomator2","deviceName":"emulator-5554 (sdk_gphone64_x86_64 - Android 14)","newCommandTimeout":1800,"platformVersion":"14","systemPort":8209,"udid":"emulator-5554"},"platformName":"android","chromedriverPort":59775,"appActivity":".Settings","appPackage":"com.android.settings","autoGrantPermissions":true,"automationName":"uiautomator2","deviceName":"emulator-5554","newCommandTimeout":1800,"platformVersion":"14","systemPort":8209,"udid":"emulator-5554","deviceUDID":"emulator-5554","deviceApiLevel":34,"deviceScreenSize":"1080x2220","deviceScreenDensity":440,"deviceModel":"sdk_gphone64_x86_64","deviceManufacturer":"Google","pix...
[35m[HTTP][39m [37m<-- GET /wd/hub/session/8ba7ddfd-2b39-4180-81d5-d5da1faf1c5d [39m[32m200[39m [90m36 ms - 1148[39m
[35m[HTTP][39m [90m[39m
[35m[HTTP][39m [37m-->[39m [37mGET[39m [37m/wd/hub/session/8ba7ddfd-2b39-4180-81d5-d5da1faf1c5d[39m
[35m[HTTP][39m [90m{}[39m
[debug] [35m[W3C (8ba7ddfd)][39m Calling AppiumDriver.getSession() with args: ["8ba7ddfd-2b39-4180-81d5-d5da1faf1c5d"]
[debug] [35m[UiAutomator2][39m Getting session details from server to mix in
[debug] [35m[WD Proxy][39m Matched '/' to command name 'getSession'
[debug] [35m[WD Proxy][39m Proxying [GET /] to [GET http://127.0.0.1:8209/wd/hub/session/a63182e2-f306-4ab5-bc6c-7548496ed766] with no body
[debug] [35m[WD Proxy][39m Got response with status 200: {"sessionId":"a63182e2-f306-4ab5-bc6c-7548496ed766","value":{"lastScrollData":null}}
[debug] [35m[W3C (8ba7ddfd)][39m Responding to client with driver.getSession() result: {"platform":"ANDROID","webStorageEnabled":false,"takesScreenshot":true,"javascriptEnabled":true,"databaseEnabled":false,"networkConnectionEnabled":true,"locationContextEnabled":false,"warnings":{},"desired":{"platformName":"android","platform":"ANDROID","chromedriverPort":59775,"appActivity":".Settings","appPackage":"com.android.settings","autoGrantPermissions":true,"automationName":"uiautomator2","deviceName":"emulator-5554 (sdk_gphone64_x86_64 - Android 14)","newCommandTimeout":1800,"platformVersion":"14","systemPort":8209,"udid":"emulator-5554"},"platformName":"android","chromedriverPort":59775,"appActivity":".Settings","appPackage":"com.android.settings","autoGrantPermissions":true,"automationName":"uiautomator2","deviceName":"emulator-5554","newCommandTimeout":1800,"platformVersion":"14","systemPort":8209,"udid":"emulator-5554","deviceUDID":"emulator-5554","deviceApiLevel":34,"deviceScreenSize":"1080x2220","deviceScreenDensity":440,"deviceModel":"sdk_gphone64_x86_64","deviceManufacturer":"Google","pix...
[35m[HTTP][39m [37m<-- GET /wd/hub/session/8ba7ddfd-2b39-4180-81d5-d5da1faf1c5d [39m[32m200[39m [90m26 ms - 1148[39m
[35m[HTTP][39m [90m[39m
[35m[HTTP][39m [37m-->[39m [37mGET[39m [37m/wd/hub/status[39m
[35m[HTTP][39m [90m{}[39m
[debug] [35m[GENERIC][39m Calling AppiumDriver.getStatus() with args: []
[debug] [35m[GENERIC][39m Responding to client with driver.getStatus() result: {"build":{"version":"1.22.3"}}
[35m[HTTP][39m [37m<-- GET /wd/hub/status [39m[32m200[39m [90m3 ms - 68[39m
[35m[HTTP][39m [90m[39m
[35m[HTTP][39m [37m-->[39m [37mPOST[39m [37m/wd/hub/session/8ba7ddfd-2b39-4180-81d5-d5da1faf1c5d/timeouts[39m
[35m[HTTP][39m [90m{"implicit":60000}[39m
[debug] [35m[W3C (8ba7ddfd)][39m Calling AppiumDriver.timeouts() with args: [null,null,null,null,60000,"8ba7ddfd-2b39-4180-81d5-d5da1faf1c5d"]
[debug] [35m[BaseDriver][39m W3C timeout argument: {"implicit":60000}}
[debug] [35m[BaseDriver][39m Set implicit wait to 60000ms
[debug] [35m[W3C (8ba7ddfd)][39m Responding to client with driver.timeouts() result: null
[35m[HTTP][39m [37m<-- POST /wd/hub/session/8ba7ddfd-2b39-4180-81d5-d5da1faf1c5d/timeouts [39m[32m200[39m [90m6 ms - 14[39m
[35m[HTTP][39m [90m[39m
[35m[HTTP][39m [37m-->[39m [37mGET[39m [37m/wd/hub/session/8ba7ddfd-2b39-4180-81d5-d5da1faf1c5d/screenshot[39m
[35m[HTTP][39m [90m{}[39m
[debug] [35m[W3C (8ba7ddfd)][39m Calling AppiumDriver.getScreenshot() with args: ["8ba7ddfd-2b39-4180-81d5-d5da1faf1c5d"]
[debug] [35m[WD Proxy][39m Matched '/screenshot' to command name 'getScreenshot'
[debug] [35m[WD Proxy][39m Proxying [GET /screenshot] to [GET http://127.0.0.1:8209/wd/hub/session/a63182e2-f306-4ab5-bc6c-7548496ed766/screenshot] with no body
[debug] [35m[WD Proxy][39m Got response with status 200: {"sessionId":"a63182e2-f306-4ab5-bc6c-7548496ed766","value":"iVBORw0KGgoAAAANSUhEUgAABDgAAAisCAYAAACtR1KuAAAAAXNSR0IArs4c6QAAAARzQklUCAgI\nCHwIZIgAACAASURBVHic7N19fNTVnf/99+R2AoSQG4EMEm6ChJAEwUSlkChUUSqBautNhV6LlrqK\na/vz2qvtD/bXbtfd61pYbStrW6mtXaWtWC1WCwRvULESoGoslhABIdwkOEFJSMJAkkkyM9cfaUYi\nCcx3Mt+ZfCev5+Pho8zkfM858w2mft8553NsTU0unwAAAAAAACwsJtITAAAAAAAA6C8CDgAAAAAA\nYHkEHAAAAAAAwPIIOAAAAAAAgOURcAAAAAAAAMsj4AAAAAAAAJZHwAEAAAAAACyPgAMAAAAAAFge\nAQcAAAAAALA8Ag4AAAAAAGB5BBwAAAAAAMDyCDgAAAAAAIDlxUV6AsC5fD6f6uvr9dZb27R//z6d\nOnWq13axsbEaNWq0CgsLdfXVMzVkyBDZbLYwzxYAAAAAMFDYmppcvkhPAujo6NCGDX/QX//6vjo7\nO+XzBf7X0mazyW5P0pe+9CWVlFxD0AEAAAAAgxABByLK6/XqV796Qvv37zcUavSmO9j48Y8fVUyM\n9XZf+Xw+eTwe/z/n3o+YGJtiY+MUGxur2NjYCM4SAAAA0aK1tUVOZ51On27W2bNn1dLSqiFDkjR0\n6FANH54ihyNTSUlDIj3NkDt16pTS0tLCMtYrr7x8wa9PmnSZJk2aFJa5DAZsUUHEVFdX6+c//6m8\nXm9I+usOBN599x3NnPmFkPRpNp/Pp87OTrW1tamlpUWnTjWoqalJ9fX1crvdkqSYmBgNGTJEl1wy\nUikpKUpLS5PdbldiYiJhBwAAAAJWW1ujjz76SIcOHdTx4x/L5Tp90WuSk4fr0kvHaNKky5STk6NL\nLx0bhpmaZ/v2t1VfX69bbvlK...
[debug] [35m[W3C (8ba7ddfd)][39m Responding to client with driver.getScreenshot() result: "iVBORw0KGgoAAAANSUhEUgAABDgAAAisCAYAAACtR1KuAAAAAXNSR0IArs4c6QAAAARzQklUCAgI\nCHwIZIgAACAASURBVHic7N19fNTVnf/99+R2AoSQG4EMEm6ChJAEwUSlkChUUSqBautNhV6LlrqK\na/vz2qvtD/bXbtfd61pYbStrW6mtXaWtWC1WCwRvULESoGoslhABIdwkOEFJSMJAkkkyM9cfaUYi\nCcx3Mt+ZfCev5+Pho8zkfM858w2mft8553NsTU0unwAAAAAAACwsJtITAAAAAAAA6C8CDgAAAAAA\nYHkEHAAAAAAAwPIIOAAAAAAAgOURcAAAAAAAAMsj4AAAAAAAAJZHwAEAAAAAACyPgAMAAAAAAFge\nAQcAAAAAALA8Ag4AAAAAAGB5BBwAAAAAAMDyCDgAAAAAAIDlxUV6AsC5fD6f6uvr9dZb27R//z6d\nOnWq13axsbEaNWq0CgsLdfXVMzVkyBDZbLYwzxYAAAAAMFDYmppcvkhPAujo6NCGDX/QX//6vjo7\nO+XzBf7X0mazyW5P0pe+9CWVlFxD0AEAAAAAgxABByLK6/XqV796Qvv37zcUavSmO9j48Y8fVUyM\n9XZf+Xw+eTwe/z/n3o+YGJtiY+MUGxur2NjYCM4SAAAA0aK1tUVOZ51On27W2bNn1dLSqiFDkjR0\n6FANH54ihyNTSUlDIj3NkDt16pTS0tLCMtYrr7x8wa9PmnSZJk2aFJa5DAZsUUHEVFdX6+c//6m8\nXm9I+usOBN599x3NnPmFkPRpNp/Pp87OTrW1tamlpUWnTjWoqalJ9fX1crvdkqSYmBgNGTJEl1wy\nUikpKUpLS5PdbldiYiJhBwAAAAJWW1ujjz76SIcOHdTx4x/L5Tp90WuSk4fr0kvHaNKky5STk6NL\nLx0bhpmaZ/v2t1VfX69bbvlKWMa7eMBxUA888O2wzGUwIOBARDz33LP6y1/+0u9VG73ZtGmTP+A4\nefKkLr...
[35m[HTTP][39m [37m<-- GET /wd/hub/session/8ba7ddfd-2b39-4180-81d5-d5da1faf1c5d/screenshot [39m[32m200[39m [90m1152 ms - 182172[39m
[35m[HTTP][39m [90m[39m
[35m[HTTP][39m [37m-->[39m [37mGET[39m [37m/wd/hub/session/8ba7ddfd-2b39-4180-81d5-d5da1faf1c5d/window/rect[39m
[35m[HTTP][39m [90m{}[39m
[debug] [35m[W3C (8ba7ddfd)][39m Calling AppiumDriver.getWindowRect() with args: ["8ba7ddfd-2b39-4180-81d5-d5da1faf1c5d"]
[debug] [35m[WD Proxy][39m Matched '/window/current/size' to command name 'getWindowSize'
[debug] [35m[WD Proxy][39m Proxying [GET /window/current/size] to [GET http://127.0.0.1:8209/wd/hub/session/a63182e2-f306-4ab5-bc6c-7548496ed766/window/current/size] with no body
[debug] [35m[WD Proxy][39m Got response with status 200: {"sessionId":"a63182e2-f306-4ab5-bc6c-7548496ed766","value":{"height":2154,"width":1080}}
[debug] [35m[W3C (8ba7ddfd)][39m Responding to client with driver.getWindowRect() result: {"width":1080,"height":2154,"x":0,"y":0}
[35m[HTTP][39m [37m<-- GET /wd/hub/session/8ba7ddfd-2b39-4180-81d5-d5da1faf1c5d/window/rect [39m[32m200[39m [90m37 ms - 50[39m
[35m[HTTP][39m [90m[39m
[35m[HTTP][39m [37m-->[39m [37mGET[39m [37m/wd/hub/session/8ba7ddfd-2b39-4180-81d5-d5da1faf1c5d/appium/device/system_bars[39m
[35m[HTTP][39m [90m{}[39m
[debug] [35m[W3C (8ba7ddfd)][39m Calling AppiumDriver.getSystemBars() with args: ["8ba7ddfd-2b39-4180-81d5-d5da1faf1c5d"]
[debug] [35m[ADB][39m Running 'C:\Users\Nurul Handayani\AppData\Local\Android\Sdk\platform-tools\adb.exe -P 5037 -s emulator-5554 shell dumpsys window windows'
[debug] [35m[W3C (8ba7ddfd)][39m Responding to client with driver.getSystemBars() result: {"statusBar":{"visible":true,"x":0,"y":0,"width":null,"height":1},"navigationBar":{"visible":true,"x":0,"y":0,"width":null,"height":1}}
[35m[HTTP][39m [37m<-- GET /wd/hub/session/8ba7ddfd-2b39-4180-81d5-d5da1faf1c5d/appium/device/system_bars [39m[32m200[39m [90m222 ms - 145[39m
[35m[HTTP][39m [90m[39m
[35m[HTTP][39m [37m-->[39m [37mPOST[39m [37m/wd/hub/session/8ba7ddfd-2b39-4180-81d5-d5da1faf1c5d/appium/device/activate_app[39m
[35m[HTTP][39m [90m{"bundleId":"com.samsung.ecomm"}[39m
[debug] [35m[W3C (8ba7ddfd)][39m Calling AppiumDriver.activateApp() with args: ["com.samsung.ecomm",null,null,null,"8ba7ddfd-2b39-4180-81d5-d5da1faf1c5d"]
[debug] [35m[AndroidDriver][39m Activating 'com.samsung.ecomm' with 'adb shell monkey -p com.samsung.ecomm -c android.intent.category.LAUNCHER 1' command
[debug] [35m[ADB][39m Running 'C:\Users\Nurul Handayani\AppData\Local\Android\Sdk\platform-tools\adb.exe -P 5037 -s emulator-5554 shell monkey -p com.samsung.ecomm -c android.intent.category.LAUNCHER 1'
[debug] [35m[AndroidDriver][39m Command stdout: bash arg: -p
[debug] [35m[AndroidDriver][39m   bash arg: com.samsung.ecomm
[debug] [35m[AndroidDriver][39m   bash arg: -c
[debug] [35m[AndroidDriver][39m   bash arg: android.intent.category.LAUNCHER
[debug] [35m[AndroidDriver][39m   bash arg: 1
[debug] [35m[AndroidDriver][39m Events injected: 1
[debug] [35m[AndroidDriver][39m ## Network stats: elapsed time=77ms (0ms mobile, 0ms wifi, 77ms not connected)
[debug] [35m[W3C (8ba7ddfd)][39m Responding to client with driver.activateApp() result: null
[35m[HTTP][39m [37m<-- POST /wd/hub/session/8ba7ddfd-2b39-4180-81d5-d5da1faf1c5d/appium/device/activate_app [39m[32m200[39m [90m1430 ms - 14[39m
[35m[HTTP][39m [90m[39m
[35m[HTTP][39m [37m-->[39m [37mGET[39m [37m/wd/hub/session/8ba7ddfd-2b39-4180-81d5-d5da1faf1c5d/source[39m
[35m[HTTP][39m [90m{}[39m
[35m[W3C (8ba7ddfd)][39m Driver proxy active, passing request on via HTTP proxy
[debug] [35m[WD Proxy][39m Matched '/wd/hub/session/8ba7ddfd-2b39-4180-81d5-d5da1faf1c5d/source' to command name 'getPageSource'
[debug] [35m[WD Proxy][39m Proxying [GET /wd/hub/session/8ba7ddfd-2b39-4180-81d5-d5da1faf1c5d/source] to [GET http://127.0.0.1:8209/wd/hub/session/a63182e2-f306-4ab5-bc6c-7548496ed766/source] with no body
[debug] [35m[WD Proxy][39m Got response with status 200: {"sessionId":"a63182e2-f306-4ab5-bc6c-7548496ed766","value":"<?xml version='1.0' encoding='UTF-8' standalone='yes' ?>\r\n<hierarchy index=\"0\" class=\"hierarchy\" rotation=\"0\" width=\"1080\" height=\"2154\">\r\n  <android.widget.FrameLayout index=\"0\" package=\"com.samsung.ecomm\" class=\"android.widget.FrameLayout\" text=\"\" checkable=\"false\" checked=\"false\" clickable=\"false\" enabled=\"true\" focusable=\"false\" focused=\"false\" long-clickable=\"false\" password=\"false\" scrollable=\"false\" selected=\"false\" bounds=\"[0,0][1080,2154]\" displayed=\"true\">\r\n    <android.widget.LinearLayout index=\"0\" package=\"com.samsung.ecomm\" class=\"android.widget.LinearLayout\" text=\"\" checkable=\"false\" checked=\"false\" clickable=\"false\" enabled=\"true\" focusable=\"false\" focused=\"false\" long-clickable=\"false\" password=\"false\" scrollable=\"false\" selected=\"false\" bounds=\"[0,0][1080,2154]\" displayed=\"true\">\r\n      <android.widget.FrameLayout index=\"0\" package=\"com.samsung.e...
[35m[WD Proxy][39m Replacing sessionId a63182e2-f306-4ab5-bc6c-7548496ed766 with 8ba7ddfd-2b39-4180-81d5-d5da1faf1c5d
[35m[HTTP][39m [37m<-- GET /wd/hub/session/8ba7ddfd-2b39-4180-81d5-d5da1faf1c5d/source [39m[32m200[39m [90m2763 ms - 37085[39m
[35m[HTTP][39m [90m[39m
[35m[HTTP][39m [37m-->[39m [37mGET[39m [37m/wd/hub/session/8ba7ddfd-2b39-4180-81d5-d5da1faf1c5d/screenshot[39m
[35m[HTTP][39m [90m{}[39m
[debug] [35m[W3C (8ba7ddfd)][39m Calling AppiumDriver.getScreenshot() with args: ["8ba7ddfd-2b39-4180-81d5-d5da1faf1c5d"]
[debug] [35m[WD Proxy][39m Matched '/screenshot' to command name 'getScreenshot'
[debug] [35m[WD Proxy][39m Proxying [GET /screenshot] to [GET http://127.0.0.1:8209/wd/hub/session/a63182e2-f306-4ab5-bc6c-7548496ed766/screenshot] with no body
[debug] [35m[WD Proxy][39m Got response with status 200: {"sessionId":"a63182e2-f306-4ab5-bc6c-7548496ed766","value":"iVBORw0KGgoAAAANSUhEUgAABDgAAAisCAYAAACtR1KuAAAAAXNSR0IArs4c6QAAAARzQklUCAgI\nCHwIZIgAACAASURBVHic7N15eJT1vf//1z2TyZ6QHQgJEGQPi2yCsiiiUAoeC4pKjz3l1x6kWq3t\nsdZj6Wl76lI91rb+qrQWtT21VpGqFcQFrOybENmXgCzZCGRfJ8ss9/cPrswhJEASMpncyfNxXVxm\n7rnvz+c9YRK5X/NZDNM0TQEAAAAAAFiYLdAFAAAAAAAAXC0CDgAAAAAAYHkEHAAAAAAAwPIIOAAA\nAAAAgOURcAAAAAAAAMsj4AAAAAAAAJZHwAEAAAAAACyPgAMAAAAAAFgeAQcAAAAAALA8Ag4AAAAA\nAGB5BBwAAAAAAMDyCDgAAAAAAIDlBQW6AOBCpmmqsLBQn376qQ4dOqTi4uJmz7Pb7erdu7euu+46\n3XDDDYqIiJBhGB1cLQAAAACgszBM0zQDXQTgcrn0t7/9Tbt27ZLb7VZr3paGYSgsLEy33Xabpk+f\nTtABAAAAAN0QAQcCyuv16sUXX9Thw4dbFWo0pyHYWLZsmWw2682+Mk1THo9HHo+nSchjs9kUFBQk\nu90uu90ewCoBAADQVTidTuXl5am8vFxVVVVyOp0KDw9XZGSkevTooT59+ig8PDzQZba74uJixcfH\nd0hfq1evvuzzQ4YM0eDBgzuklu6AKSoImOPHj+vXv/61vF5vu7TXEAhs27ZNU6ZMaZc2/c00Tbnd\nbtXU1MjpdKqoqEilpaUqLCxUXV2dpPPhRnh4uHr27KmYmBjFx8crNDRUoaGhhB0AAABosaysLB09\nelSZmZnKyclRRUXFFa+Jjo5WamqqhgwZomHDhqlv374dUKn/rF+/XoWFhbrrrrs6pL8PPvjgss8f\nO3ZMjzzySIfU0h0QcCAgXn/9...
[debug] [35m[W3C (8ba7ddfd)][39m Responding to client with driver.getScreenshot() result: "iVBORw0KGgoAAAANSUhEUgAABDgAAAisCAYAAACtR1KuAAAAAXNSR0IArs4c6QAAAARzQklUCAgI\nCHwIZIgAACAASURBVHic7N15eJT1vf//1z2TyZ6QHQgJEGQPi2yCsiiiUAoeC4pKjz3l1x6kWq3t\nsdZj6Wl76lI91rb+qrQWtT21VpGqFcQFrOybENmXgCzZCGRfJ8ss9/cPrswhJEASMpncyfNxXVxm\n7rnvz+c9YRK5X/NZDNM0TQEAAAAAAFiYLdAFAAAAAAAAXC0CDgAAAAAAYHkEHAAAAAAAwPIIOAAA\nAAAAgOURcAAAAAAAAMsj4AAAAAAAAJZHwAEAAAAAACyPgAMAAAAAAFgeAQcAAAAAALA8Ag4AAAAA\nAGB5BBwAAAAAAMDyCDgAAAAAAIDlBQW6AOBCpmmqsLBQn376qQ4dOqTi4uJmz7Pb7erdu7euu+46\n3XDDDYqIiJBhGB1cLQAAAACgszBM0zQDXQTgcrn0t7/9Tbt27ZLb7VZr3paGYSgsLEy33Xabpk+f\nTtABAAAAAN0QAQcCyuv16sUXX9Thw4dbFWo0pyHYWLZsmWw2682+Mk1THo9HHo+nSchjs9kUFBQk\nu90uu90ewCoBAADQVTidTuXl5am8vFxVVVVyOp0KDw9XZGSkevTooT59+ig8PDzQZba74uJixcfH\nd0hfq1evvuzzQ4YM0eDBgzuklu6AKSoImOPHj+vXv/61vF5vu7TXEAhs27ZNU6ZMaZc2/c00Tbnd\nbtXU1MjpdKqoqEilpaUqLCxUXV2dpPPhRnh4uHr27KmYmBjFx8crNDRUoaGhhB0AAABosaysLB09\nelSZmZnKyclRRUXFFa+Jjo5WamqqhgwZomHDhqlv374dUKn/rF+/XoWFhbrrrrs6pL8PPvjgss8f\nO3ZMjzzySIfU0h0QcCAgXn/9dW3duvWqR20057333vMFHAUFBUpKSmr3PtqD2+1WeXm5srOztX//\nfh07dk...
[35m[HTTP][39m [37m<-- GET /wd/hub/session/8ba7ddfd-2b39-4180-81d5-d5da1faf1c5d/screenshot [39m[32m200[39m [90m671 ms - 267692[39m
[35m[HTTP][39m [90m[39m
[35m[HTTP][39m [37m-->[39m [37mPOST[39m [37m/wd/hub/session/8ba7ddfd-2b39-4180-81d5-d5da1faf1c5d/elements[39m
[35m[HTTP][39m [90m{"using":"xpath","value":"//*[@class = 'android.widget.TextView' and (@text = 'Do you have a device to trade-in?' or . = 'Do you have a device to trade-in?') and @resource-id = '']"}[39m
[debug] [35m[W3C (8ba7ddfd)][39m Calling AppiumDriver.findElements() with args: ["xpath","//*[@class = 'android.widget.TextView' and (@text = 'Do you have a device to trade-in?' or . = 'Do you have a device to trade-in?') and @resource-id = '']","8ba7ddfd-2b39-4180-81d5-d5da1faf1c5d"]
[debug] [35m[BaseDriver][39m Valid locator strategies for this request: xpath, id, class name, accessibility id, css selector, -android uiautomator
[debug] [35m[BaseDriver][39m Waiting up to 60000 ms for condition
[debug] [35m[WD Proxy][39m Matched '/elements' to command name 'findElements'
[debug] [35m[WD Proxy][39m Proxying [POST /elements] to [POST http://127.0.0.1:8209/wd/hub/session/a63182e2-f306-4ab5-bc6c-7548496ed766/elements] with body: {"strategy":"xpath","selector":"//*[@class = 'android.widget.TextView' and (@text = 'Do you have a device to trade-in?' or . = 'Do you have a device to trade-in?') and @resource-id = '']","context":"","multiple":true}
[debug] [35m[WD Proxy][39m Got response with status 200: {"sessionId":"a63182e2-f306-4ab5-bc6c-7548496ed766","value":[{"ELEMENT":"00000000-0000-00df-0000-298d0000000f","element-6066-11e4-a52e-4f735466cecf":"00000000-0000-00df-0000-298d0000000f"}]}
[debug] [35m[W3C (8ba7ddfd)][39m Responding to client with driver.findElements() result: [{"element-6066-11e4-a52e-4f735466cecf":"00000000-0000-00df-0000-298d0000000f","ELEMENT":"00000000-0000-00df-0000-298d0000000f"}]
[35m[HTTP][39m [37m<-- POST /wd/hub/session/8ba7ddfd-2b39-4180-81d5-d5da1faf1c5d/elements [39m[32m200[39m [90m1740 ms - 139[39m
[35m[HTTP][39m [90m[39m
[35m[HTTP][39m [37m-->[39m [37mPOST[39m [37m/wd/hub/session/8ba7ddfd-2b39-4180-81d5-d5da1faf1c5d/elements[39m
[35m[HTTP][39m [90m{"using":"xpath","value":"//*[@class = 'android.widget.TextView' and (@text = 'Samsung Trade-in' or . = 'Samsung Trade-in') and @resource-id = '']"}[39m
[debug] [35m[W3C (8ba7ddfd)][39m Calling AppiumDriver.findElements() with args: ["xpath","//*[@class = 'android.widget.TextView' and (@text = 'Samsung Trade-in' or . = 'Samsung Trade-in') and @resource-id = '']","8ba7ddfd-2b39-4180-81d5-d5da1faf1c5d"]
[debug] [35m[BaseDriver][39m Valid locator strategies for this request: xpath, id, class name, accessibility id, css selector, -android uiautomator
[debug] [35m[BaseDriver][39m Waiting up to 60000 ms for condition
[debug] [35m[WD Proxy][39m Matched '/elements' to command name 'findElements'
[debug] [35m[WD Proxy][39m Proxying [POST /elements] to [POST http://127.0.0.1:8209/wd/hub/session/a63182e2-f306-4ab5-bc6c-7548496ed766/elements] with body: {"strategy":"xpath","selector":"//*[@class = 'android.widget.TextView' and (@text = 'Samsung Trade-in' or . = 'Samsung Trade-in') and @resource-id = '']","context":"","multiple":true}
[debug] [35m[WD Proxy][39m Got response with status 200: {"sessionId":"a63182e2-f306-4ab5-bc6c-7548496ed766","value":[{"ELEMENT":"00000000-0000-00df-0000-29860000000f","element-6066-11e4-a52e-4f735466cecf":"00000000-0000-00df-0000-29860000000f"}]}
[debug] [35m[W3C (8ba7ddfd)][39m Responding to client with driver.findElements() result: [{"element-6066-11e4-a52e-4f735466cecf":"00000000-0000-00df-0000-29860000000f","ELEMENT":"00000000-0000-00df-0000-29860000000f"}]
[35m[HTTP][39m [37m<-- POST /wd/hub/session/8ba7ddfd-2b39-4180-81d5-d5da1faf1c5d/elements [39m[32m200[39m [90m698 ms - 139[39m
[35m[HTTP][39m [90m[39m
[35m[HTTP][39m [37m-->[39m [37mPOST[39m [37m/wd/hub/session/8ba7ddfd-2b39-4180-81d5-d5da1faf1c5d/timeouts[39m
[35m[HTTP][39m [90m{"implicit":1000}[39m
[debug] [35m[W3C (8ba7ddfd)][39m Calling AppiumDriver.timeouts() with args: [null,null,null,null,1000,"8ba7ddfd-2b39-4180-81d5-d5da1faf1c5d"]
[debug] [35m[BaseDriver][39m W3C timeout argument: {"implicit":1000}}
[debug] [35m[BaseDriver][39m Set implicit wait to 1000ms
[debug] [35m[W3C (8ba7ddfd)][39m Responding to client with driver.timeouts() result: null
[35m[HTTP][39m [37m<-- POST /wd/hub/session/8ba7ddfd-2b39-4180-81d5-d5da1faf1c5d/timeouts [39m[32m200[39m [90m2 ms - 14[39m
[35m[HTTP][39m [90m[39m
[35m[HTTP][39m [37m-->[39m [37mPOST[39m [37m/wd/hub/session/8ba7ddfd-2b39-4180-81d5-d5da1faf1c5d/elements[39m
[35m[HTTP][39m [90m{"using":"xpath","value":"//*[@class = 'android.widget.TextView' and (@text = 'Samsung Trade-in' or . = 'Samsung Trade-in') and @resource-id = '']"}[39m
[debug] [35m[W3C (8ba7ddfd)][39m Calling AppiumDriver.findElements() with args: ["xpath","//*[@class = 'android.widget.TextView' and (@text = 'Samsung Trade-in' or . = 'Samsung Trade-in') and @resource-id = '']","8ba7ddfd-2b39-4180-81d5-d5da1faf1c5d"]
[debug] [35m[BaseDriver][39m Valid locator strategies for this request: xpath, id, class name, accessibility id, css selector, -android uiautomator
[debug] [35m[BaseDriver][39m Waiting up to 1000 ms for condition
[debug] [35m[WD Proxy][39m Matched '/elements' to command name 'findElements'
[debug] [35m[WD Proxy][39m Proxying [POST /elements] to [POST http://127.0.0.1:8209/wd/hub/session/a63182e2-f306-4ab5-bc6c-7548496ed766/elements] with body: {"strategy":"xpath","selector":"//*[@class = 'android.widget.TextView' and (@text = 'Samsung Trade-in' or . = 'Samsung Trade-in') and @resource-id = '']","context":"","multiple":true}
[debug] [35m[WD Proxy][39m Got response with status 200: {"sessionId":"a63182e2-f306-4ab5-bc6c-7548496ed766","value":[{"ELEMENT":"00000000-0000-00df-0000-29860000000f","element-6066-11e4-a52e-4f735466cecf":"00000000-0000-00df-0000-29860000000f"}]}
[debug] [35m[W3C (8ba7ddfd)][39m Responding to client with driver.findElements() result: [{"element-6066-11e4-a52e-4f735466cecf":"00000000-0000-00df-0000-29860000000f","ELEMENT":"00000000-0000-00df-0000-29860000000f"}]
[35m[HTTP][39m [37m<-- POST /wd/hub/session/8ba7ddfd-2b39-4180-81d5-d5da1faf1c5d/elements [39m[32m200[39m [90m604 ms - 139[39m
[35m[HTTP][39m [90m[39m
[35m[HTTP][39m [37m-->[39m [37mGET[39m [37m/wd/hub/session/8ba7ddfd-2b39-4180-81d5-d5da1faf1c5d/element/00000000-0000-00df-0000-29860000000f/location[39m
[35m[HTTP][39m [90m{}[39m
[35m[W3C (8ba7ddfd)][39m Driver proxy active, passing request on via HTTP proxy
[debug] [35m[WD Proxy][39m Matched '/wd/hub/session/8ba7ddfd-2b39-4180-81d5-d5da1faf1c5d/element/00000000-0000-00df-0000-29860000000f/location' to command name 'getLocation'
[debug] [35m[WD Proxy][39m Proxying [GET /wd/hub/session/8ba7ddfd-2b39-4180-81d5-d5da1faf1c5d/element/00000000-0000-00df-0000-29860000000f/location] to [GET http://127.0.0.1:8209/wd/hub/session/a63182e2-f306-4ab5-bc6c-7548496ed766/element/00000000-0000-00df-0000-29860000000f/location] with no body
[debug] [35m[WD Proxy][39m Got response with status 200: {"sessionId":"a63182e2-f306-4ab5-bc6c-7548496ed766","value":{"x":43,"y":837}}
[35m[WD Proxy][39m Replacing sessionId a63182e2-f306-4ab5-bc6c-7548496ed766 with 8ba7ddfd-2b39-4180-81d5-d5da1faf1c5d
[35m[HTTP][39m [37m<-- GET /wd/hub/session/8ba7ddfd-2b39-4180-81d5-d5da1faf1c5d/element/00000000-0000-00df-0000-29860000000f/location [39m[32m200[39m [90m81 ms - 77[39m
[35m[HTTP][39m [90m[39m
[35m[HTTP][39m [37m-->[39m [37mGET[39m [37m/wd/hub/session/8ba7ddfd-2b39-4180-81d5-d5da1faf1c5d/element/00000000-0000-00df-0000-29860000000f/size[39m
[35m[HTTP][39m [90m{}[39m
[35m[W3C (8ba7ddfd)][39m Driver proxy active, passing request on via HTTP proxy
[debug] [35m[WD Proxy][39m Matched '/wd/hub/session/8ba7ddfd-2b39-4180-81d5-d5da1faf1c5d/element/00000000-0000-00df-0000-29860000000f/size' to command name 'getSize'
[debug] [35m[WD Proxy][39m Proxying [GET /wd/hub/session/8ba7ddfd-2b39-4180-81d5-d5da1faf1c5d/element/00000000-0000-00df-0000-29860000000f/size] to [GET http://127.0.0.1:8209/wd/hub/session/a63182e2-f306-4ab5-bc6c-7548496ed766/element/00000000-0000-00df-0000-29860000000f/size] with no body
[debug] [35m[WD Proxy][39m Got response with status 200: {"sessionId":"a63182e2-f306-4ab5-bc6c-7548496ed766","value":{"height":77,"width":496}}
[35m[WD Proxy][39m Replacing sessionId a63182e2-f306-4ab5-bc6c-7548496ed766 with 8ba7ddfd-2b39-4180-81d5-d5da1faf1c5d
[35m[HTTP][39m [37m<-- GET /wd/hub/session/8ba7ddfd-2b39-4180-81d5-d5da1faf1c5d/element/00000000-0000-00df-0000-29860000000f/size [39m[32m200[39m [90m81 ms - 86[39m
[35m[HTTP][39m [90m[39m
[debug] [35m[Instrumentation][39m .
[debug] [35m[Instrumentation][39m Time: 358.794
[debug] [35m[Instrumentation][39m 
[debug] [35m[Instrumentation][39m OK (1 test)
[debug] [35m[Instrumentation][39m The process has exited with code 0
[35m[BaseDriver][39m Shutting down because we waited 1800 seconds for a command
[35m[Appium][39m Closing session, cause was 'New Command Timeout of 1800 seconds expired. Try customizing the timeout using the 'newCommandTimeout' desired capability'
[35m[Appium][39m Removing session '8ba7ddfd-2b39-4180-81d5-d5da1faf1c5d' from our master session list
[debug] [35m[UiAutomator2][39m Deleting UiAutomator2 session
[debug] [35m[UiAutomator2][39m Deleting UiAutomator2 server session
[35m[UiAutomator2][39m Did not get confirmation UiAutomator2 deleteSession worked; Error was: UnknownError: An unknown server-side error occurred while processing the command. Original error: 'DELETE /' cannot be proxied to UiAutomator2 server because the instrumentation process is not running (probably crashed). Check the server log and/or the logcat output for more details
[debug] [35m[ADB][39m Running 'C:\Users\Nurul Handayani\AppData\Local\Android\Sdk\platform-tools\adb.exe -P 5037 -s emulator-5554 shell am force-stop com.android.settings'
[debug] [35m[Logcat][39m Stopping logcat capture
[debug] [35m[ADB][39m Removing forwarded port socket connection: 8209 
[debug] [35m[ADB][39m Running 'C:\Users\Nurul Handayani\AppData\Local\Android\Sdk\platform-tools\adb.exe -P 5037 -s emulator-5554 forward --remove tcp:8209'
[35m[UiAutomator2][39m Restoring hidden api policy to the device default configuration
[debug] [35m[ADB][39m Running 'C:\Users\Nurul Handayani\AppData\Local\Android\Sdk\platform-tools\adb.exe -P 5037 -s emulator-5554 shell 'settings delete global hidden_api_policy_pre_p_apps;settings delete global hidden_api_policy_p_apps;settings delete global hidden_api_policy''
